This file contains any messages produced by compilers while
running configure, to aid debugging if configure makes a mistake.

It was created by configure, which was
generated by GNU Autoconf 2.61.  Invocation command line was

  $ ./configure 

## --------- ##
## Platform. ##
## --------- ##

hostname = nexopiaserver
uname -m = i686
uname -r = 2.6.12-10-386
uname -s = Linux
uname -v = #1 Fri Nov 18 11:51:02 UTC 2005

/usr/bin/uname -p = unknown
/bin/uname -X     = unknown

/bin/arch              = i686
/usr/bin/arch -k       = unknown
/usr/convex/getsysinfo = unknown
/usr/bin/hostinfo      = unknown
/bin/machine           = unknown
/usr/bin/oslevel       = unknown
/bin/universe          = unknown

PATH: /usr/local/ruby185/bin
PATH: /usr/local/sbin
PATH: /usr/local/bin
PATH: /usr/sbin
PATH: /usr/bin
PATH: /sbin
PATH: /bin
PATH: /usr/bin/X11
PATH: /usr/games


## ----------- ##
## Core tests. ##
## ----------- ##

configure:1975: checking for a BSD-compatible install
configure:2031: result: /usr/bin/install -c
configure:2042: checking whether build environment is sane
configure:2085: result: yes
configure:2113: checking for a thread-safe mkdir -p
configure:2152: result: /bin/mkdir -p
configure:2165: checking for gawk
configure:2195: result: no
configure:2165: checking for mawk
configure:2181: found /usr/bin/mawk
configure:2192: result: mawk
configure:2203: checking whether make sets $(MAKE)
configure:2224: result: yes
configure:2414: checking whether to enable maintainer-specific portions of Makefiles
configure:2423: result: no
configure:2489: checking for gcc
configure:2505: found /usr/bin/gcc
configure:2516: result: gcc
configure:2754: checking for C compiler version
configure:2761: gcc --version >&5
gcc (GCC) 4.0.2 20050808 (prerelease) (Ubuntu 4.0.1-4ubuntu9)
Copyright (C) 2005 Free Software Foundation, Inc.
This is free software; see the source for copying conditions.  There is NO
warranty; not even for MERCHANTABILITY or FITNESS FOR A PARTICULAR PURPOSE.

configure:2764: $? = 0
configure:2771: gcc -v >&5
Using built-in specs.
Target: i486-linux-gnu
Configured with: ../src/configure -v --enable-languages=c,c++,java,f95,objc,ada,treelang --prefix=/usr --with-gxx-include-dir=/usr/include/c++/4.0.2 --enable-shared --with-system-zlib --libexecdir=/usr/lib --enable-nls --without-included-gettext --enable-threads=posix --program-suffix=-4.0 --enable-__cxa_atexit --enable-libstdcxx-allocator=mt --enable-clocale=gnu --enable-libstdcxx-debug --enable-java-gc=boehm --enable-java-awt=gtk --enable-gtk-cairo --with-java-home=/usr/lib/jvm/java-1.4.2-gcj-4.0-1.4.2.0/jre --enable-mpfr --disable-werror --enable-checking=release i486-linux-gnu
Thread model: posix
gcc version 4.0.2 20050808 (prerelease) (Ubuntu 4.0.1-4ubuntu9)
configure:2774: $? = 0
configure:2781: gcc -V >&5
gcc: '-V' option must have argument
configure:2784: $? = 1
configure:2807: checking for C compiler default output file name
configure:2834: gcc    conftest.c  >&5
configure:2837: $? = 0
configure:2875: result: a.out
configure:2892: checking whether the C compiler works
configure:2902: ./a.out
configure:2905: $? = 0
configure:2922: result: yes
configure:2929: checking whether we are cross compiling
configure:2931: result: no
configure:2934: checking for suffix of executables
configure:2941: gcc -o conftest    conftest.c  >&5
configure:2944: $? = 0
configure:2968: result: 
configure:2974: checking for suffix of object files
configure:3000: gcc -c   conftest.c >&5
configure:3003: $? = 0
configure:3026: result: o
configure:3030: checking whether we are using the GNU C compiler
configure:3059: gcc -c   conftest.c >&5
configure:3065: $? = 0
configure:3082: result: yes
configure:3087: checking whether gcc accepts -g
configure:3117: gcc -c -g  conftest.c >&5
configure:3123: $? = 0
configure:3222: result: yes
configure:3239: checking for gcc option to accept ISO C89
configure:3313: gcc  -c -g -O2  conftest.c >&5
configure:3319: $? = 0
configure:3342: result: none needed
configure:3371: checking for style of include used by make
configure:3399: result: GNU
configure:3424: checking dependency style of gcc
configure:3515: result: none
configure:3543: checking for a BSD-compatible install
configure:3599: result: /usr/bin/install -c
configure:3610: checking whether ln -s works
configure:3614: result: yes
configure:3628: checking how to run the C preprocessor
configure:3668: gcc -E  conftest.c
configure:3674: $? = 0
configure:3705: gcc -E  conftest.c
conftest.c:10:28: error: ac_nonexistent.h: No such file or directory
configure:3711: $? = 1
configure: failed program was:
| /* confdefs.h.  */
| #define PACKAGE_NAME ""
| #define PACKAGE_TARNAME ""
| #define PACKAGE_VERSION ""
| #define PACKAGE_STRING ""
| #define PACKAGE_BUGREPORT ""
| #define PACKAGE "libevent"
| #define VERSION "1.3e"
| /* end confdefs.h.  */
| #include <ac_nonexistent.h>
configure:3744: result: gcc -E
configure:3773: gcc -E  conftest.c
configure:3779: $? = 0
configure:3810: gcc -E  conftest.c
conftest.c:10:28: error: ac_nonexistent.h: No such file or directory
configure:3816: $? = 1
configure: failed program was:
| /* confdefs.h.  */
| #define PACKAGE_NAME ""
| #define PACKAGE_TARNAME ""
| #define PACKAGE_VERSION ""
| #define PACKAGE_STRING ""
| #define PACKAGE_BUGREPORT ""
| #define PACKAGE "libevent"
| #define VERSION "1.3e"
| /* end confdefs.h.  */
| #include <ac_nonexistent.h>
configure:3854: checking for grep that handles long lines and -e
configure:3928: result: /bin/grep
configure:3933: checking for egrep
configure:4011: result: /bin/grep -E
configure:4017: checking whether gcc needs -traditional
configure:4059: result: no
configure:4148: checking build system type
configure:4166: result: i686-pc-linux-gnu
configure:4188: checking host system type
configure:4203: result: i686-pc-linux-gnu
configure:4225: checking for a sed that does not truncate output
configure:4279: result: /bin/sed
configure:4293: checking for ld used by gcc
configure:4360: result: /usr/bin/ld
configure:4369: checking if the linker (/usr/bin/ld) is GNU ld
configure:4384: result: yes
configure:4389: checking for /usr/bin/ld option to reload object files
configure:4396: result: -r
configure:4414: checking for BSD-compatible nm
configure:4463: result: /usr/bin/nm -B
configure:4467: checking how to recognise dependent libraries
configure:4643: result: pass_all
configure:4871: checking for ANSI C header files
configure:4901: gcc -c -g -O2 -Wall  conftest.c >&5
configure:4907: $? = 0
configure:5006: gcc -o conftest -g -O2 -Wall   conftest.c  >&5
configure:5009: $? = 0
configure:5015: ./conftest
configure:5018: $? = 0
configure:5035: result: yes
configure:5059: checking for sys/types.h
configure:5080: gcc -c -g -O2 -Wall  conftest.c >&5
configure:5086: $? = 0
configure:5102: result: yes
configure:5059: checking for sys/stat.h
configure:5080: gcc -c -g -O2 -Wall  conftest.c >&5
configure:5086: $? = 0
configure:5102: result: yes
configure:5059: checking for stdlib.h
configure:5080: gcc -c -g -O2 -Wall  conftest.c >&5
configure:5086: $? = 0
configure:5102: result: yes
configure:5059: checking for string.h
configure:5080: gcc -c -g -O2 -Wall  conftest.c >&5
configure:5086: $? = 0
configure:5102: result: yes
configure:5059: checking for memory.h
configure:5080: gcc -c -g -O2 -Wall  conftest.c >&5
configure:5086: $? = 0
configure:5102: result: yes
configure:5059: checking for strings.h
configure:5080: gcc -c -g -O2 -Wall  conftest.c >&5
configure:5086: $? = 0
configure:5102: result: yes
configure:5059: checking for inttypes.h
configure:5080: gcc -c -g -O2 -Wall  conftest.c >&5
configure:5086: $? = 0
configure:5102: result: yes
configure:5059: checking for stdint.h
configure:5080: gcc -c -g -O2 -Wall  conftest.c >&5
configure:5086: $? = 0
configure:5102: result: yes
configure:5059: checking for unistd.h
configure:5080: gcc -c -g -O2 -Wall  conftest.c >&5
configure:5086: $? = 0
configure:5102: result: yes
configure:5129: checking dlfcn.h usability
configure:5146: gcc -c -g -O2 -Wall  conftest.c >&5
configure:5152: $? = 0
configure:5166: result: yes
configure:5170: checking dlfcn.h presence
configure:5185: gcc -E  conftest.c
configure:5191: $? = 0
configure:5205: result: yes
configure:5233: checking for dlfcn.h
configure:5241: result: yes
configure:5312: checking for g++
configure:5328: found /usr/bin/g++
configure:5339: result: g++
configure:5370: checking for C++ compiler version
configure:5377: g++ --version >&5
g++ (GCC) 4.0.2 20050808 (prerelease) (Ubuntu 4.0.1-4ubuntu9)
Copyright (C) 2005 Free Software Foundation, Inc.
This is free software; see the source for copying conditions.  There is NO
warranty; not even for MERCHANTABILITY or FITNESS FOR A PARTICULAR PURPOSE.

configure:5380: $? = 0
configure:5387: g++ -v >&5
Using built-in specs.
Target: i486-linux-gnu
Configured with: ../src/configure -v --enable-languages=c,c++,java,f95,objc,ada,treelang --prefix=/usr --with-gxx-include-dir=/usr/include/c++/4.0.2 --enable-shared --with-system-zlib --libexecdir=/usr/lib --enable-nls --without-included-gettext --enable-threads=posix --program-suffix=-4.0 --enable-__cxa_atexit --enable-libstdcxx-allocator=mt --enable-clocale=gnu --enable-libstdcxx-debug --enable-java-gc=boehm --enable-java-awt=gtk --enable-gtk-cairo --with-java-home=/usr/lib/jvm/java-1.4.2-gcj-4.0-1.4.2.0/jre --enable-mpfr --disable-werror --enable-checking=release i486-linux-gnu
Thread model: posix
gcc version 4.0.2 20050808 (prerelease) (Ubuntu 4.0.1-4ubuntu9)
configure:5390: $? = 0
configure:5397: g++ -V >&5
g++: '-V' option must have argument
configure:5400: $? = 1
configure:5403: checking whether we are using the GNU C++ compiler
configure:5432: g++ -c   conftest.cpp >&5
configure:5438: $? = 0
configure:5455: result: yes
configure:5460: checking whether g++ accepts -g
configure:5490: g++ -c -g  conftest.cpp >&5
configure:5496: $? = 0
configure:5595: result: yes
configure:5620: checking dependency style of g++
configure:5711: result: none
configure:5736: checking how to run the C++ preprocessor
configure:5772: g++ -E  conftest.cpp
configure:5778: $? = 0
configure:5809: g++ -E  conftest.cpp
conftest.cpp:21:28: error: ac_nonexistent.h: No such file or directory
configure:5815: $? = 1
configure: failed program was:
| /* confdefs.h.  */
| #define PACKAGE_NAME ""
| #define PACKAGE_TARNAME ""
| #define PACKAGE_VERSION ""
| #define PACKAGE_STRING ""
| #define PACKAGE_BUGREPORT ""
| #define PACKAGE "libevent"
| #define VERSION "1.3e"
| #define STDC_HEADERS 1
| #define HAVE_SYS_TYPES_H 1
| #define HAVE_SYS_STAT_H 1
| #define HAVE_STDLIB_H 1
| #define HAVE_STRING_H 1
| #define HAVE_MEMORY_H 1
| #define HAVE_STRINGS_H 1
| #define HAVE_INTTYPES_H 1
| #define HAVE_STDINT_H 1
| #define HAVE_UNISTD_H 1
| #define HAVE_DLFCN_H 1
| /* end confdefs.h.  */
| #include <ac_nonexistent.h>
configure:5848: result: g++ -E
configure:5877: g++ -E  conftest.cpp
configure:5883: $? = 0
configure:5914: g++ -E  conftest.cpp
conftest.cpp:21:28: error: ac_nonexistent.h: No such file or directory
configure:5920: $? = 1
configure: failed program was:
| /* confdefs.h.  */
| #define PACKAGE_NAME ""
| #define PACKAGE_TARNAME ""
| #define PACKAGE_VERSION ""
| #define PACKAGE_STRING ""
| #define PACKAGE_BUGREPORT ""
| #define PACKAGE "libevent"
| #define VERSION "1.3e"
| #define STDC_HEADERS 1
| #define HAVE_SYS_TYPES_H 1
| #define HAVE_SYS_STAT_H 1
| #define HAVE_STDLIB_H 1
| #define HAVE_STRING_H 1
| #define HAVE_MEMORY_H 1
| #define HAVE_STRINGS_H 1
| #define HAVE_INTTYPES_H 1
| #define HAVE_STDINT_H 1
| #define HAVE_UNISTD_H 1
| #define HAVE_DLFCN_H 1
| /* end confdefs.h.  */
| #include <ac_nonexistent.h>
configure:6013: checking for g77
configure:6043: result: no
configure:6013: checking for xlf
configure:6043: result: no
configure:6013: checking for f77
configure:6043: result: no
configure:6013: checking for frt
configure:6043: result: no
configure:6013: checking for pgf77
configure:6043: result: no
configure:6013: checking for cf77
configure:6043: result: no
configure:6013: checking for fort77
configure:6043: result: no
configure:6013: checking for fl32
configure:6043: result: no
configure:6013: checking for af77
configure:6043: result: no
configure:6013: checking for xlf90
configure:6043: result: no
configure:6013: checking for f90
configure:6043: result: no
configure:6013: checking for pgf90
configure:6043: result: no
configure:6013: checking for pghpf
configure:6043: result: no
configure:6013: checking for epcf90
configure:6043: result: no
configure:6013: checking for gfortran
configure:6043: result: no
configure:6013: checking for g95
configure:6043: result: no
configure:6013: checking for xlf95
configure:6043: result: no
configure:6013: checking for f95
configure:6043: result: no
configure:6013: checking for fort
configure:6043: result: no
configure:6013: checking for ifort
configure:6043: result: no
configure:6013: checking for ifc
configure:6043: result: no
configure:6013: checking for efc
configure:6043: result: no
configure:6013: checking for pgf95
configure:6043: result: no
configure:6013: checking for lf95
configure:6043: result: no
configure:6013: checking for ftn
configure:6043: result: no
configure:6070: checking for Fortran 77 compiler version
configure:6077:  --version >&5
./configure: line 6078: --version: command not found
configure:6080: $? = 127
configure:6087:  -v >&5
./configure: line 6088: -v: command not found
configure:6090: $? = 127
configure:6097:  -V >&5
./configure: line 6098: -V: command not found
configure:6100: $? = 127
configure:6108: checking whether we are using the GNU Fortran 77 compiler
configure:6127:  -c  conftest.F >&5
./configure: line 6128: -c: command not found
configure:6133: $? = 127
configure: failed program was:
|       program main
| #ifndef __GNUC__
|        choke me
| #endif
| 
|       end
configure:6150: result: no
configure:6156: checking whether  accepts -g
configure:6173:  -c -g conftest.f >&5
./configure: line 6174: -c: command not found
configure:6179: $? = 127
configure: failed program was:
|       program main
| 
|       end
configure:6195: result: no
configure:6225: checking the maximum length of command line arguments
configure:6334: result: 32768
configure:6345: checking command to parse /usr/bin/nm -B output from gcc object
configure:6450: gcc -c -g -O2 -Wall  conftest.c >&5
configure:6453: $? = 0
configure:6457: /usr/bin/nm -B conftest.o \| sed -n -e 's/^.*[ 	]\([ABCDGIRSTW][ABCDGIRSTW]*\)[ 	][ 	]*\([_A-Za-z][_A-Za-z0-9]*\)$/\1 \2 \2/p' \> conftest.nm
configure:6460: $? = 0
configure:6512: gcc -o conftest -g -O2 -Wall   conftest.c conftstm.o >&5
configure:6515: $? = 0
configure:6553: result: ok
configure:6557: checking for objdir
configure:6572: result: .libs
configure:6664: checking for ar
configure:6680: found /usr/bin/ar
configure:6691: result: ar
configure:6760: checking for ranlib
configure:6776: found /usr/bin/ranlib
configure:6787: result: ranlib
configure:6856: checking for strip
configure:6872: found /usr/bin/strip
configure:6883: result: strip
configure:7169: checking if gcc supports -fno-rtti -fno-exceptions
configure:7187: gcc -c -g -O2 -Wall  -fno-rtti -fno-exceptions conftest.c >&5
cc1: warning: command line option "-fno-rtti" is valid for C++/ObjC++ but not for C
configure:7191: $? = 0
configure:7204: result: no
configure:7219: checking for gcc option to produce PIC
configure:7429: result: -fPIC
configure:7437: checking if gcc PIC flag -fPIC works
configure:7455: gcc -c -g -O2 -Wall  -fPIC -DPIC conftest.c >&5
configure:7459: $? = 0
configure:7472: result: yes
configure:7500: checking if gcc static flag -static works
configure:7528: result: yes
configure:7538: checking if gcc supports -c -o file.o
configure:7559: gcc -c -g -O2 -Wall  -o out/conftest2.o conftest.c >&5
configure:7563: $? = 0
configure:7585: result: yes
configure:7611: checking whether the gcc linker (/usr/bin/ld) supports shared libraries
configure:8565: result: yes
configure:8586: checking whether -lc should be explicitly linked in
configure:8591: gcc -c -g -O2 -Wall  conftest.c >&5
configure:8594: $? = 0
configure:8609: gcc -shared conftest.o  -v -Wl,-soname -Wl,conftest -o conftest 2\>\&1 \| grep  -lc  \>/dev/null 2\>\&1
configure:8612: $? = 0
configure:8624: result: no
configure:8632: checking dynamic linker characteristics
configure:9220: result: GNU/Linux ld.so
configure:9229: checking how to hardcode library paths into programs
configure:9254: result: immediate
configure:9268: checking whether stripping libraries is possible
configure:9273: result: yes
configure:10074: checking if libtool supports shared libraries
configure:10076: result: yes
configure:10079: checking whether to build shared libraries
configure:10100: result: yes
configure:10103: checking whether to build static libraries
configure:10107: result: yes
configure:10199: creating libtool
configure:10787: checking for ld used by g++
configure:10854: result: /usr/bin/ld
configure:10863: checking if the linker (/usr/bin/ld) is GNU ld
configure:10878: result: yes
configure:10929: checking whether the g++ linker (/usr/bin/ld) supports shared libraries
configure:11863: result: yes
configure:11881: g++ -c -g -O2  conftest.cpp >&5
configure:11884: $? = 0
configure:12003: checking for g++ option to produce PIC
configure:12277: result: -fPIC
configure:12285: checking if g++ PIC flag -fPIC works
configure:12303: g++ -c -g -O2  -fPIC -DPIC conftest.cpp >&5
configure:12307: $? = 0
configure:12320: result: yes
configure:12348: checking if g++ static flag -static works
configure:12376: result: yes
configure:12386: checking if g++ supports -c -o file.o
configure:12407: g++ -c -g -O2  -o out/conftest2.o conftest.cpp >&5
configure:12411: $? = 0
configure:12433: result: yes
configure:12459: checking whether the g++ linker (/usr/bin/ld) supports shared libraries
configure:12484: result: yes
configure:12551: checking dynamic linker characteristics
configure:13139: result: GNU/Linux ld.so
configure:13148: checking how to hardcode library paths into programs
configure:13173: result: immediate
configure:19326: checking for socket in -lsocket
configure:19361: gcc -o conftest -g -O2 -Wall   conftest.c -lsocket   >&5
/usr/bin/ld: cannot find -lsocket
collect2: ld returned 1 exit status
configure:19367: $? = 1
configure: failed program was:
| /* confdefs.h.  */
| #define PACKAGE_NAME ""
| #define PACKAGE_TARNAME ""
| #define PACKAGE_VERSION ""
| #define PACKAGE_STRING ""
| #define PACKAGE_BUGREPORT ""
| #define PACKAGE "libevent"
| #define VERSION "1.3e"
| #define STDC_HEADERS 1
| #define HAVE_SYS_TYPES_H 1
| #define HAVE_SYS_STAT_H 1
| #define HAVE_STDLIB_H 1
| #define HAVE_STRING_H 1
| #define HAVE_MEMORY_H 1
| #define HAVE_STRINGS_H 1
| #define HAVE_INTTYPES_H 1
| #define HAVE_STDINT_H 1
| #define HAVE_UNISTD_H 1
| #define HAVE_DLFCN_H 1
| /* end confdefs.h.  */
| 
| /* Override any GCC internal prototype to avoid an error.
|    Use char because int might match the return type of a GCC
|    builtin and then its argument prototype would still apply.  */
| #ifdef __cplusplus
| extern "C"
| #endif
| char socket ();
| int
| main ()
| {
| return socket ();
|   ;
|   return 0;
| }
configure:19385: result: no
configure:19397: checking for inet_aton in -lresolv
configure:19432: gcc -o conftest -g -O2 -Wall   conftest.c -lresolv   >&5
configure:19438: $? = 0
configure:19456: result: yes
configure:19468: checking for clock_gettime in -lrt
configure:19503: gcc -o conftest -g -O2 -Wall   conftest.c -lrt  -lresolv  >&5
configure:19509: $? = 0
configure:19527: result: yes
configure:19539: checking for inet_ntoa in -lnsl
configure:19574: gcc -o conftest -g -O2 -Wall   conftest.c -lnsl  -lrt -lresolv  >&5
configure:19580: $? = 0
configure:19598: result: yes
configure:19610: checking for ANSI C header files
configure:19774: result: yes
configure:19814: checking fcntl.h usability
configure:19831: gcc -c -g -O2 -Wall  conftest.c >&5
configure:19837: $? = 0
configure:19851: result: yes
configure:19855: checking fcntl.h presence
configure:19870: gcc -E  conftest.c
configure:19876: $? = 0
configure:19890: result: yes
configure:19918: checking for fcntl.h
configure:19926: result: yes
configure:19814: checking stdarg.h usability
configure:19831: gcc -c -g -O2 -Wall  conftest.c >&5
configure:19837: $? = 0
configure:19851: result: yes
configure:19855: checking stdarg.h presence
configure:19870: gcc -E  conftest.c
configure:19876: $? = 0
configure:19890: result: yes
configure:19918: checking for stdarg.h
configure:19926: result: yes
configure:19804: checking for inttypes.h
configure:19810: result: yes
configure:19804: checking for stdint.h
configure:19810: result: yes
configure:19814: checking poll.h usability
configure:19831: gcc -c -g -O2 -Wall  conftest.c >&5
configure:19837: $? = 0
configure:19851: result: yes
configure:19855: checking poll.h presence
configure:19870: gcc -E  conftest.c
configure:19876: $? = 0
configure:19890: result: yes
configure:19918: checking for poll.h
configure:19926: result: yes
configure:19814: checking signal.h usability
configure:19831: gcc -c -g -O2 -Wall  conftest.c >&5
configure:19837: $? = 0
configure:19851: result: yes
configure:19855: checking signal.h presence
configure:19870: gcc -E  conftest.c
configure:19876: $? = 0
configure:19890: result: yes
configure:19918: checking for signal.h
configure:19926: result: yes
configure:19804: checking for unistd.h
configure:19810: result: yes
configure:19814: checking sys/epoll.h usability
configure:19831: gcc -c -g -O2 -Wall  conftest.c >&5
configure:19837: $? = 0
configure:19851: result: yes
configure:19855: checking sys/epoll.h presence
configure:19870: gcc -E  conftest.c
configure:19876: $? = 0
configure:19890: result: yes
configure:19918: checking for sys/epoll.h
configure:19926: result: yes
configure:19814: checking sys/time.h usability
configure:19831: gcc -c -g -O2 -Wall  conftest.c >&5
configure:19837: $? = 0
configure:19851: result: yes
configure:19855: checking sys/time.h presence
configure:19870: gcc -E  conftest.c
configure:19876: $? = 0
configure:19890: result: yes
configure:19918: checking for sys/time.h
configure:19926: result: yes
configure:19814: checking sys/queue.h usability
configure:19831: gcc -c -g -O2 -Wall  conftest.c >&5
configure:19837: $? = 0
configure:19851: result: yes
configure:19855: checking sys/queue.h presence
configure:19870: gcc -E  conftest.c
configure:19876: $? = 0
configure:19890: result: yes
configure:19918: checking for sys/queue.h
configure:19926: result: yes
configure:19814: checking sys/event.h usability
configure:19831: gcc -c -g -O2 -Wall  conftest.c >&5
conftest.c:68:23: error: sys/event.h: No such file or directory
configure:19837: $? = 1
configure: failed program was:
| /* confdefs.h.  */
| #define PACKAGE_NAME ""
| #define PACKAGE_TARNAME ""
| #define PACKAGE_VERSION ""
| #define PACKAGE_STRING ""
| #define PACKAGE_BUGREPORT ""
| #define PACKAGE "libevent"
| #define VERSION "1.3e"
| #define STDC_HEADERS 1
| #define HAVE_SYS_TYPES_H 1
| #define HAVE_SYS_STAT_H 1
| #define HAVE_STDLIB_H 1
| #define HAVE_STRING_H 1
| #define HAVE_MEMORY_H 1
| #define HAVE_STRINGS_H 1
| #define HAVE_INTTYPES_H 1
| #define HAVE_STDINT_H 1
| #define HAVE_UNISTD_H 1
| #define HAVE_DLFCN_H 1
| #define HAVE_LIBRESOLV 1
| #define HAVE_LIBRT 1
| #define HAVE_LIBNSL 1
| #define STDC_HEADERS 1
| #define HAVE_FCNTL_H 1
| #define HAVE_STDARG_H 1
| #define HAVE_INTTYPES_H 1
| #define HAVE_STDINT_H 1
| #define HAVE_POLL_H 1
| #define HAVE_SIGNAL_H 1
| #define HAVE_UNISTD_H 1
| #define HAVE_SYS_EPOLL_H 1
| #define HAVE_SYS_TIME_H 1
| #define HAVE_SYS_QUEUE_H 1
| /* end confdefs.h.  */
| #include <stdio.h>
| #ifdef HAVE_SYS_TYPES_H
| # include <sys/types.h>
| #endif
| #ifdef HAVE_SYS_STAT_H
| # include <sys/stat.h>
| #endif
| #ifdef STDC_HEADERS
| # include <stdlib.h>
| # include <stddef.h>
| #else
| # ifdef HAVE_STDLIB_H
| #  include <stdlib.h>
| # endif
| #endif
| #ifdef HAVE_STRING_H
| # if !defined STDC_HEADERS && defined HAVE_MEMORY_H
| #  include <memory.h>
| # endif
| # include <string.h>
| #endif
| #ifdef HAVE_STRINGS_H
| # include <strings.h>
| #endif
| #ifdef HAVE_INTTYPES_H
| # include <inttypes.h>
| #endif
| #ifdef HAVE_STDINT_H
| # include <stdint.h>
| #endif
| #ifdef HAVE_UNISTD_H
| # include <unistd.h>
| #endif
| #include <sys/event.h>
configure:19851: result: no
configure:19855: checking sys/event.h presence
configure:19870: gcc -E  conftest.c
conftest.c:35:23: error: sys/event.h: No such file or directory
configure:19876: $? = 1
configure: failed program was:
| /* confdefs.h.  */
| #define PACKAGE_NAME ""
| #define PACKAGE_TARNAME ""
| #define PACKAGE_VERSION ""
| #define PACKAGE_STRING ""
| #define PACKAGE_BUGREPORT ""
| #define PACKAGE "libevent"
| #define VERSION "1.3e"
| #define STDC_HEADERS 1
| #define HAVE_SYS_TYPES_H 1
| #define HAVE_SYS_STAT_H 1
| #define HAVE_STDLIB_H 1
| #define HAVE_STRING_H 1
| #define HAVE_MEMORY_H 1
| #define HAVE_STRINGS_H 1
| #define HAVE_INTTYPES_H 1
| #define HAVE_STDINT_H 1
| #define HAVE_UNISTD_H 1
| #define HAVE_DLFCN_H 1
| #define HAVE_LIBRESOLV 1
| #define HAVE_LIBRT 1
| #define HAVE_LIBNSL 1
| #define STDC_HEADERS 1
| #define HAVE_FCNTL_H 1
| #define HAVE_STDARG_H 1
| #define HAVE_INTTYPES_H 1
| #define HAVE_STDINT_H 1
| #define HAVE_POLL_H 1
| #define HAVE_SIGNAL_H 1
| #define HAVE_UNISTD_H 1
| #define HAVE_SYS_EPOLL_H 1
| #define HAVE_SYS_TIME_H 1
| #define HAVE_SYS_QUEUE_H 1
| /* end confdefs.h.  */
| #include <sys/event.h>
configure:19890: result: no
configure:19918: checking for sys/event.h
configure:19926: result: no
configure:19814: checking sys/ioctl.h usability
configure:19831: gcc -c -g -O2 -Wall  conftest.c >&5
configure:19837: $? = 0
configure:19851: result: yes
configure:19855: checking sys/ioctl.h presence
configure:19870: gcc -E  conftest.c
configure:19876: $? = 0
configure:19890: result: yes
configure:19918: checking for sys/ioctl.h
configure:19926: result: yes
configure:19814: checking sys/select.h usability
configure:19831: gcc -c -g -O2 -Wall  conftest.c >&5
configure:19837: $? = 0
configure:19851: result: yes
configure:19855: checking sys/select.h presence
configure:19870: gcc -E  conftest.c
configure:19876: $? = 0
configure:19890: result: yes
configure:19918: checking for sys/select.h
configure:19926: result: yes
configure:19814: checking sys/devpoll.h usability
configure:19831: gcc -c -g -O2 -Wall  conftest.c >&5
conftest.c:70:25: error: sys/devpoll.h: No such file or directory
configure:19837: $? = 1
configure: failed program was:
| /* confdefs.h.  */
| #define PACKAGE_NAME ""
| #define PACKAGE_TARNAME ""
| #define PACKAGE_VERSION ""
| #define PACKAGE_STRING ""
| #define PACKAGE_BUGREPORT ""
| #define PACKAGE "libevent"
| #define VERSION "1.3e"
| #define STDC_HEADERS 1
| #define HAVE_SYS_TYPES_H 1
| #define HAVE_SYS_STAT_H 1
| #define HAVE_STDLIB_H 1
| #define HAVE_STRING_H 1
| #define HAVE_MEMORY_H 1
| #define HAVE_STRINGS_H 1
| #define HAVE_INTTYPES_H 1
| #define HAVE_STDINT_H 1
| #define HAVE_UNISTD_H 1
| #define HAVE_DLFCN_H 1
| #define HAVE_LIBRESOLV 1
| #define HAVE_LIBRT 1
| #define HAVE_LIBNSL 1
| #define STDC_HEADERS 1
| #define HAVE_FCNTL_H 1
| #define HAVE_STDARG_H 1
| #define HAVE_INTTYPES_H 1
| #define HAVE_STDINT_H 1
| #define HAVE_POLL_H 1
| #define HAVE_SIGNAL_H 1
| #define HAVE_UNISTD_H 1
| #define HAVE_SYS_EPOLL_H 1
| #define HAVE_SYS_TIME_H 1
| #define HAVE_SYS_QUEUE_H 1
| #define HAVE_SYS_IOCTL_H 1
| #define HAVE_SYS_SELECT_H 1
| /* end confdefs.h.  */
| #include <stdio.h>
| #ifdef HAVE_SYS_TYPES_H
| # include <sys/types.h>
| #endif
| #ifdef HAVE_SYS_STAT_H
| # include <sys/stat.h>
| #endif
| #ifdef STDC_HEADERS
| # include <stdlib.h>
| # include <stddef.h>
| #else
| # ifdef HAVE_STDLIB_H
| #  include <stdlib.h>
| # endif
| #endif
| #ifdef HAVE_STRING_H
| # if !defined STDC_HEADERS && defined HAVE_MEMORY_H
| #  include <memory.h>
| # endif
| # include <string.h>
| #endif
| #ifdef HAVE_STRINGS_H
| # include <strings.h>
| #endif
| #ifdef HAVE_INTTYPES_H
| # include <inttypes.h>
| #endif
| #ifdef HAVE_STDINT_H
| # include <stdint.h>
| #endif
| #ifdef HAVE_UNISTD_H
| # include <unistd.h>
| #endif
| #include <sys/devpoll.h>
configure:19851: result: no
configure:19855: checking sys/devpoll.h presence
configure:19870: gcc -E  conftest.c
conftest.c:37:25: error: sys/devpoll.h: No such file or directory
configure:19876: $? = 1
configure: failed program was:
| /* confdefs.h.  */
| #define PACKAGE_NAME ""
| #define PACKAGE_TARNAME ""
| #define PACKAGE_VERSION ""
| #define PACKAGE_STRING ""
| #define PACKAGE_BUGREPORT ""
| #define PACKAGE "libevent"
| #define VERSION "1.3e"
| #define STDC_HEADERS 1
| #define HAVE_SYS_TYPES_H 1
| #define HAVE_SYS_STAT_H 1
| #define HAVE_STDLIB_H 1
| #define HAVE_STRING_H 1
| #define HAVE_MEMORY_H 1
| #define HAVE_STRINGS_H 1
| #define HAVE_INTTYPES_H 1
| #define HAVE_STDINT_H 1
| #define HAVE_UNISTD_H 1
| #define HAVE_DLFCN_H 1
| #define HAVE_LIBRESOLV 1
| #define HAVE_LIBRT 1
| #define HAVE_LIBNSL 1
| #define STDC_HEADERS 1
| #define HAVE_FCNTL_H 1
| #define HAVE_STDARG_H 1
| #define HAVE_INTTYPES_H 1
| #define HAVE_STDINT_H 1
| #define HAVE_POLL_H 1
| #define HAVE_SIGNAL_H 1
| #define HAVE_UNISTD_H 1
| #define HAVE_SYS_EPOLL_H 1
| #define HAVE_SYS_TIME_H 1
| #define HAVE_SYS_QUEUE_H 1
| #define HAVE_SYS_IOCTL_H 1
| #define HAVE_SYS_SELECT_H 1
| /* end confdefs.h.  */
| #include <sys/devpoll.h>
configure:19890: result: no
configure:19918: checking for sys/devpoll.h
configure:19926: result: no
configure:19814: checking port.h usability
configure:19831: gcc -c -g -O2 -Wall  conftest.c >&5
conftest.c:70:18: error: port.h: No such file or directory
configure:19837: $? = 1
configure: failed program was:
| /* confdefs.h.  */
| #define PACKAGE_NAME ""
| #define PACKAGE_TARNAME ""
| #define PACKAGE_VERSION ""
| #define PACKAGE_STRING ""
| #define PACKAGE_BUGREPORT ""
| #define PACKAGE "libevent"
| #define VERSION "1.3e"
| #define STDC_HEADERS 1
| #define HAVE_SYS_TYPES_H 1
| #define HAVE_SYS_STAT_H 1
| #define HAVE_STDLIB_H 1
| #define HAVE_STRING_H 1
| #define HAVE_MEMORY_H 1
| #define HAVE_STRINGS_H 1
| #define HAVE_INTTYPES_H 1
| #define HAVE_STDINT_H 1
| #define HAVE_UNISTD_H 1
| #define HAVE_DLFCN_H 1
| #define HAVE_LIBRESOLV 1
| #define HAVE_LIBRT 1
| #define HAVE_LIBNSL 1
| #define STDC_HEADERS 1
| #define HAVE_FCNTL_H 1
| #define HAVE_STDARG_H 1
| #define HAVE_INTTYPES_H 1
| #define HAVE_STDINT_H 1
| #define HAVE_POLL_H 1
| #define HAVE_SIGNAL_H 1
| #define HAVE_UNISTD_H 1
| #define HAVE_SYS_EPOLL_H 1
| #define HAVE_SYS_TIME_H 1
| #define HAVE_SYS_QUEUE_H 1
| #define HAVE_SYS_IOCTL_H 1
| #define HAVE_SYS_SELECT_H 1
| /* end confdefs.h.  */
| #include <stdio.h>
| #ifdef HAVE_SYS_TYPES_H
| # include <sys/types.h>
| #endif
| #ifdef HAVE_SYS_STAT_H
| # include <sys/stat.h>
| #endif
| #ifdef STDC_HEADERS
| # include <stdlib.h>
| # include <stddef.h>
| #else
| # ifdef HAVE_STDLIB_H
| #  include <stdlib.h>
| # endif
| #endif
| #ifdef HAVE_STRING_H
| # if !defined STDC_HEADERS && defined HAVE_MEMORY_H
| #  include <memory.h>
| # endif
| # include <string.h>
| #endif
| #ifdef HAVE_STRINGS_H
| # include <strings.h>
| #endif
| #ifdef HAVE_INTTYPES_H
| # include <inttypes.h>
| #endif
| #ifdef HAVE_STDINT_H
| # include <stdint.h>
| #endif
| #ifdef HAVE_UNISTD_H
| # include <unistd.h>
| #endif
| #include <port.h>
configure:19851: result: no
configure:19855: checking port.h presence
configure:19870: gcc -E  conftest.c
conftest.c:37:18: error: port.h: No such file or directory
configure:19876: $? = 1
configure: failed program was:
| /* confdefs.h.  */
| #define PACKAGE_NAME ""
| #define PACKAGE_TARNAME ""
| #define PACKAGE_VERSION ""
| #define PACKAGE_STRING ""
| #define PACKAGE_BUGREPORT ""
| #define PACKAGE "libevent"
| #define VERSION "1.3e"
| #define STDC_HEADERS 1
| #define HAVE_SYS_TYPES_H 1
| #define HAVE_SYS_STAT_H 1
| #define HAVE_STDLIB_H 1
| #define HAVE_STRING_H 1
| #define HAVE_MEMORY_H 1
| #define HAVE_STRINGS_H 1
| #define HAVE_INTTYPES_H 1
| #define HAVE_STDINT_H 1
| #define HAVE_UNISTD_H 1
| #define HAVE_DLFCN_H 1
| #define HAVE_LIBRESOLV 1
| #define HAVE_LIBRT 1
| #define HAVE_LIBNSL 1
| #define STDC_HEADERS 1
| #define HAVE_FCNTL_H 1
| #define HAVE_STDARG_H 1
| #define HAVE_INTTYPES_H 1
| #define HAVE_STDINT_H 1
| #define HAVE_POLL_H 1
| #define HAVE_SIGNAL_H 1
| #define HAVE_UNISTD_H 1
| #define HAVE_SYS_EPOLL_H 1
| #define HAVE_SYS_TIME_H 1
| #define HAVE_SYS_QUEUE_H 1
| #define HAVE_SYS_IOCTL_H 1
| #define HAVE_SYS_SELECT_H 1
| /* end confdefs.h.  */
| #include <port.h>
configure:19890: result: no
configure:19918: checking for port.h
configure:19926: result: no
configure:19814: checking netinet/in6.h usability
configure:19831: gcc -c -g -O2 -Wall  conftest.c >&5
conftest.c:70:25: error: netinet/in6.h: No such file or directory
configure:19837: $? = 1
configure: failed program was:
| /* confdefs.h.  */
| #define PACKAGE_NAME ""
| #define PACKAGE_TARNAME ""
| #define PACKAGE_VERSION ""
| #define PACKAGE_STRING ""
| #define PACKAGE_BUGREPORT ""
| #define PACKAGE "libevent"
| #define VERSION "1.3e"
| #define STDC_HEADERS 1
| #define HAVE_SYS_TYPES_H 1
| #define HAVE_SYS_STAT_H 1
| #define HAVE_STDLIB_H 1
| #define HAVE_STRING_H 1
| #define HAVE_MEMORY_H 1
| #define HAVE_STRINGS_H 1
| #define HAVE_INTTYPES_H 1
| #define HAVE_STDINT_H 1
| #define HAVE_UNISTD_H 1
| #define HAVE_DLFCN_H 1
| #define HAVE_LIBRESOLV 1
| #define HAVE_LIBRT 1
| #define HAVE_LIBNSL 1
| #define STDC_HEADERS 1
| #define HAVE_FCNTL_H 1
| #define HAVE_STDARG_H 1
| #define HAVE_INTTYPES_H 1
| #define HAVE_STDINT_H 1
| #define HAVE_POLL_H 1
| #define HAVE_SIGNAL_H 1
| #define HAVE_UNISTD_H 1
| #define HAVE_SYS_EPOLL_H 1
| #define HAVE_SYS_TIME_H 1
| #define HAVE_SYS_QUEUE_H 1
| #define HAVE_SYS_IOCTL_H 1
| #define HAVE_SYS_SELECT_H 1
| /* end confdefs.h.  */
| #include <stdio.h>
| #ifdef HAVE_SYS_TYPES_H
| # include <sys/types.h>
| #endif
| #ifdef HAVE_SYS_STAT_H
| # include <sys/stat.h>
| #endif
| #ifdef STDC_HEADERS
| # include <stdlib.h>
| # include <stddef.h>
| #else
| # ifdef HAVE_STDLIB_H
| #  include <stdlib.h>
| # endif
| #endif
| #ifdef HAVE_STRING_H
| # if !defined STDC_HEADERS && defined HAVE_MEMORY_H
| #  include <memory.h>
| # endif
| # include <string.h>
| #endif
| #ifdef HAVE_STRINGS_H
| # include <strings.h>
| #endif
| #ifdef HAVE_INTTYPES_H
| # include <inttypes.h>
| #endif
| #ifdef HAVE_STDINT_H
| # include <stdint.h>
| #endif
| #ifdef HAVE_UNISTD_H
| # include <unistd.h>
| #endif
| #include <netinet/in6.h>
configure:19851: result: no
configure:19855: checking netinet/in6.h presence
configure:19870: gcc -E  conftest.c
conftest.c:37:25: error: netinet/in6.h: No such file or directory
configure:19876: $? = 1
configure: failed program was:
| /* confdefs.h.  */
| #define PACKAGE_NAME ""
| #define PACKAGE_TARNAME ""
| #define PACKAGE_VERSION ""
| #define PACKAGE_STRING ""
| #define PACKAGE_BUGREPORT ""
| #define PACKAGE "libevent"
| #define VERSION "1.3e"
| #define STDC_HEADERS 1
| #define HAVE_SYS_TYPES_H 1
| #define HAVE_SYS_STAT_H 1
| #define HAVE_STDLIB_H 1
| #define HAVE_STRING_H 1
| #define HAVE_MEMORY_H 1
| #define HAVE_STRINGS_H 1
| #define HAVE_INTTYPES_H 1
| #define HAVE_STDINT_H 1
| #define HAVE_UNISTD_H 1
| #define HAVE_DLFCN_H 1
| #define HAVE_LIBRESOLV 1
| #define HAVE_LIBRT 1
| #define HAVE_LIBNSL 1
| #define STDC_HEADERS 1
| #define HAVE_FCNTL_H 1
| #define HAVE_STDARG_H 1
| #define HAVE_INTTYPES_H 1
| #define HAVE_STDINT_H 1
| #define HAVE_POLL_H 1
| #define HAVE_SIGNAL_H 1
| #define HAVE_UNISTD_H 1
| #define HAVE_SYS_EPOLL_H 1
| #define HAVE_SYS_TIME_H 1
| #define HAVE_SYS_QUEUE_H 1
| #define HAVE_SYS_IOCTL_H 1
| #define HAVE_SYS_SELECT_H 1
| /* end confdefs.h.  */
| #include <netinet/in6.h>
configure:19890: result: no
configure:19918: checking for netinet/in6.h
configure:19926: result: no
configure:19940: checking for TAILQ_FOREACH in sys/queue.h
configure:19965: result: no
configure:19974: checking for timeradd in sys/time.h
configure:19996: result: yes
configure:20008: checking for timercmp in sys/time.h
configure:20030: result: yes
configure:20042: checking for timerclear in sys/time.h
configure:20064: result: yes
configure:20076: checking for timerisset in sys/time.h
configure:20098: result: yes
configure:20109: checking for WIN32
configure:20136: gcc -c -g -O2 -Wall  conftest.c >&5
conftest.c:47:3: error: #error 
configure:20142: $? = 1
configure: failed program was:
| /* confdefs.h.  */
| #define PACKAGE_NAME ""
| #define PACKAGE_TARNAME ""
| #define PACKAGE_VERSION ""
| #define PACKAGE_STRING ""
| #define PACKAGE_BUGREPORT ""
| #define PACKAGE "libevent"
| #define VERSION "1.3e"
| #define STDC_HEADERS 1
| #define HAVE_SYS_TYPES_H 1
| #define HAVE_SYS_STAT_H 1
| #define HAVE_STDLIB_H 1
| #define HAVE_STRING_H 1
| #define HAVE_MEMORY_H 1
| #define HAVE_STRINGS_H 1
| #define HAVE_INTTYPES_H 1
| #define HAVE_STDINT_H 1
| #define HAVE_UNISTD_H 1
| #define HAVE_DLFCN_H 1
| #define HAVE_LIBRESOLV 1
| #define HAVE_LIBRT 1
| #define HAVE_LIBNSL 1
| #define STDC_HEADERS 1
| #define HAVE_FCNTL_H 1
| #define HAVE_STDARG_H 1
| #define HAVE_INTTYPES_H 1
| #define HAVE_STDINT_H 1
| #define HAVE_POLL_H 1
| #define HAVE_SIGNAL_H 1
| #define HAVE_UNISTD_H 1
| #define HAVE_SYS_EPOLL_H 1
| #define HAVE_SYS_TIME_H 1
| #define HAVE_SYS_QUEUE_H 1
| #define HAVE_SYS_IOCTL_H 1
| #define HAVE_SYS_SELECT_H 1
| #define HAVE_TIMERADD 1
| #define HAVE_TIMERCMP 1
| #define HAVE_TIMERCLEAR 1
| #define HAVE_TIMERISSET 1
| /* end confdefs.h.  */
| 
| int
| main ()
| {
| 
| 	#ifndef WIN32
| 	#error
| 	#endif
| 
|   ;
|   return 0;
| }
configure:20153: result: no
configure:20168: checking for an ANSI C-conforming const
configure:20243: gcc -c -g -O2 -Wall  conftest.c >&5
conftest.c: In function 'main':
conftest.c:70: warning: 't' is used uninitialized in this function
conftest.c:86: warning: 'b' is used uninitialized in this function
conftest.c:92: warning: 'cs[0]' is used uninitialized in this function
configure:20249: $? = 0
configure:20264: result: yes
configure:20274: checking for inline
configure:20300: gcc -c -g -O2 -Wall  conftest.c >&5
configure:20306: $? = 0
configure:20324: result: inline
configure:20343: checking whether time.h and sys/time.h may both be included
configure:20373: gcc -c -g -O2 -Wall  conftest.c >&5
configure:20379: $? = 0
configure:20394: result: yes
configure:20418: checking for gettimeofday
configure:20474: gcc -o conftest -g -O2 -Wall   conftest.c -lnsl -lrt -lresolv  >&5
configure:20480: $? = 0
configure:20498: result: yes
configure:20418: checking for vasprintf
configure:20474: gcc -o conftest -g -O2 -Wall   conftest.c -lnsl -lrt -lresolv  >&5
configure:20480: $? = 0
configure:20498: result: yes
configure:20418: checking for fcntl
configure:20474: gcc -o conftest -g -O2 -Wall   conftest.c -lnsl -lrt -lresolv  >&5
configure:20480: $? = 0
configure:20498: result: yes
configure:20418: checking for clock_gettime
configure:20474: gcc -o conftest -g -O2 -Wall   conftest.c -lnsl -lrt -lresolv  >&5
configure:20480: $? = 0
configure:20498: result: yes
configure:20418: checking for strtok_r
configure:20474: gcc -o conftest -g -O2 -Wall   conftest.c -lnsl -lrt -lresolv  >&5
configure:20480: $? = 0
configure:20498: result: yes
configure:20418: checking for strsep
configure:20474: gcc -o conftest -g -O2 -Wall   conftest.c -lnsl -lrt -lresolv  >&5
configure:20480: $? = 0
configure:20498: result: yes
configure:20418: checking for getaddrinfo
configure:20474: gcc -o conftest -g -O2 -Wall   conftest.c -lnsl -lrt -lresolv  >&5
configure:20480: $? = 0
configure:20498: result: yes
configure:20418: checking for getnameinfo
configure:20474: gcc -o conftest -g -O2 -Wall   conftest.c -lnsl -lrt -lresolv  >&5
configure:20480: $? = 0
configure:20498: result: yes
configure:20418: checking for strlcpy
configure:20474: gcc -o conftest -g -O2 -Wall   conftest.c -lnsl -lrt -lresolv  >&5
/tmp/ccYytTF0.o: In function `main':
/home/timo/nexopia/trunk/usersearch/libevent/conftest.c:84: undefined reference to `strlcpy'
collect2: ld returned 1 exit status
configure:20480: $? = 1
configure: failed program was:
| /* confdefs.h.  */
| #define PACKAGE_NAME ""
| #define PACKAGE_TARNAME ""
| #define PACKAGE_VERSION ""
| #define PACKAGE_STRING ""
| #define PACKAGE_BUGREPORT ""
| #define PACKAGE "libevent"
| #define VERSION "1.3e"
| #define STDC_HEADERS 1
| #define HAVE_SYS_TYPES_H 1
| #define HAVE_SYS_STAT_H 1
| #define HAVE_STDLIB_H 1
| #define HAVE_STRING_H 1
| #define HAVE_MEMORY_H 1
| #define HAVE_STRINGS_H 1
| #define HAVE_INTTYPES_H 1
| #define HAVE_STDINT_H 1
| #define HAVE_UNISTD_H 1
| #define HAVE_DLFCN_H 1
| #define HAVE_LIBRESOLV 1
| #define HAVE_LIBRT 1
| #define HAVE_LIBNSL 1
| #define STDC_HEADERS 1
| #define HAVE_FCNTL_H 1
| #define HAVE_STDARG_H 1
| #define HAVE_INTTYPES_H 1
| #define HAVE_STDINT_H 1
| #define HAVE_POLL_H 1
| #define HAVE_SIGNAL_H 1
| #define HAVE_UNISTD_H 1
| #define HAVE_SYS_EPOLL_H 1
| #define HAVE_SYS_TIME_H 1
| #define HAVE_SYS_QUEUE_H 1
| #define HAVE_SYS_IOCTL_H 1
| #define HAVE_SYS_SELECT_H 1
| #define HAVE_TIMERADD 1
| #define HAVE_TIMERCMP 1
| #define HAVE_TIMERCLEAR 1
| #define HAVE_TIMERISSET 1
| #define TIME_WITH_SYS_TIME 1
| #define HAVE_GETTIMEOFDAY 1
| #define HAVE_VASPRINTF 1
| #define HAVE_FCNTL 1
| #define HAVE_CLOCK_GETTIME 1
| #define HAVE_STRTOK_R 1
| #define HAVE_STRSEP 1
| #define HAVE_GETADDRINFO 1
| #define HAVE_GETNAMEINFO 1
| /* end confdefs.h.  */
| /* Define strlcpy to an innocuous variant, in case <limits.h> declares strlcpy.
|    For example, HP-UX 11i <limits.h> declares gettimeofday.  */
| #define strlcpy innocuous_strlcpy
| 
| /* System header to define __stub macros and hopefully few prototypes,
|     which can conflict with char strlcpy (); below.
|     Prefer <limits.h> to <assert.h> if __STDC__ is defined, since
|     <limits.h> exists even on freestanding compilers.  */
| 
| #ifdef __STDC__
| # include <limits.h>
| #else
| # include <assert.h>
| #endif
| 
| #undef strlcpy
| 
| /* Override any GCC internal prototype to avoid an error.
|    Use char because int might match the return type of a GCC
|    builtin and then its argument prototype would still apply.  */
| #ifdef __cplusplus
| extern "C"
| #endif
| char strlcpy ();
| /* The GNU C library defines this for functions which it implements
|     to always fail with ENOSYS.  Some functions are actually named
|     something starting with __ and the normal name is an alias.  */
| #if defined __stub_strlcpy || defined __stub___strlcpy
| choke me
| #endif
| 
| int
| main ()
| {
| return strlcpy ();
|   ;
|   return 0;
| }
configure:20498: result: no
configure:20418: checking for inet_ntop
configure:20474: gcc -o conftest -g -O2 -Wall   conftest.c -lnsl -lrt -lresolv  >&5
configure:20480: $? = 0
configure:20498: result: yes
configure:20523: checking for F_SETFD in fcntl.h
configure:20546: result: yes
configure:20561: checking for select
configure:20617: gcc -o conftest -g -O2 -Wall   conftest.c -lnsl -lrt -lresolv  >&5
configure:20623: $? = 0
configure:20641: result: yes
configure:20667: checking for poll
configure:20723: gcc -o conftest -g -O2 -Wall   conftest.c -lnsl -lrt -lresolv  >&5
configure:20729: $? = 0
configure:20747: result: yes
configure:20990: checking for epoll_ctl
configure:21046: gcc -o conftest -g -O2 -Wall   conftest.c -lnsl -lrt -lresolv  >&5
configure:21052: $? = 0
configure:21070: result: yes
configure:21412: checking for port_create
configure:21468: gcc -o conftest -g -O2 -Wall   conftest.c -lnsl -lrt -lresolv  >&5
/tmp/ccKnvvWi.o: In function `main':
/home/timo/nexopia/trunk/usersearch/libevent/conftest.c:91: undefined reference to `port_create'
collect2: ld returned 1 exit status
configure:21474: $? = 1
configure: failed program was:
| /* confdefs.h.  */
| #define PACKAGE_NAME ""
| #define PACKAGE_TARNAME ""
| #define PACKAGE_VERSION ""
| #define PACKAGE_STRING ""
| #define PACKAGE_BUGREPORT ""
| #define PACKAGE "libevent"
| #define VERSION "1.3e"
| #define STDC_HEADERS 1
| #define HAVE_SYS_TYPES_H 1
| #define HAVE_SYS_STAT_H 1
| #define HAVE_STDLIB_H 1
| #define HAVE_STRING_H 1
| #define HAVE_MEMORY_H 1
| #define HAVE_STRINGS_H 1
| #define HAVE_INTTYPES_H 1
| #define HAVE_STDINT_H 1
| #define HAVE_UNISTD_H 1
| #define HAVE_DLFCN_H 1
| #define HAVE_LIBRESOLV 1
| #define HAVE_LIBRT 1
| #define HAVE_LIBNSL 1
| #define STDC_HEADERS 1
| #define HAVE_FCNTL_H 1
| #define HAVE_STDARG_H 1
| #define HAVE_INTTYPES_H 1
| #define HAVE_STDINT_H 1
| #define HAVE_POLL_H 1
| #define HAVE_SIGNAL_H 1
| #define HAVE_UNISTD_H 1
| #define HAVE_SYS_EPOLL_H 1
| #define HAVE_SYS_TIME_H 1
| #define HAVE_SYS_QUEUE_H 1
| #define HAVE_SYS_IOCTL_H 1
| #define HAVE_SYS_SELECT_H 1
| #define HAVE_TIMERADD 1
| #define HAVE_TIMERCMP 1
| #define HAVE_TIMERCLEAR 1
| #define HAVE_TIMERISSET 1
| #define TIME_WITH_SYS_TIME 1
| #define HAVE_GETTIMEOFDAY 1
| #define HAVE_VASPRINTF 1
| #define HAVE_FCNTL 1
| #define HAVE_CLOCK_GETTIME 1
| #define HAVE_STRTOK_R 1
| #define HAVE_STRSEP 1
| #define HAVE_GETADDRINFO 1
| #define HAVE_GETNAMEINFO 1
| #define HAVE_INET_NTOP 1
| #define DNS_USE_CPU_CLOCK_FOR_ID 1
| #define HAVE_SETFD 1
| #define HAVE_SELECT 1
| #define HAVE_POLL 1
| #define HAVE_EPOLL_CTL 1
| #define HAVE_EPOLL 1
| /* end confdefs.h.  */
| /* Define port_create to an innocuous variant, in case <limits.h> declares port_create.
|    For example, HP-UX 11i <limits.h> declares gettimeofday.  */
| #define port_create innocuous_port_create
| 
| /* System header to define __stub macros and hopefully few prototypes,
|     which can conflict with char port_create (); below.
|     Prefer <limits.h> to <assert.h> if __STDC__ is defined, since
|     <limits.h> exists even on freestanding compilers.  */
| 
| #ifdef __STDC__
| # include <limits.h>
| #else
| # include <assert.h>
| #endif
| 
| #undef port_create
| 
| /* Override any GCC internal prototype to avoid an error.
|    Use char because int might match the return type of a GCC
|    builtin and then its argument prototype would still apply.  */
| #ifdef __cplusplus
| extern "C"
| #endif
| char port_create ();
| /* The GNU C library defines this for functions which it implements
|     to always fail with ENOSYS.  Some functions are actually named
|     something starting with __ and the normal name is an alias.  */
| #if defined __stub_port_create || defined __stub___port_create
| choke me
| #endif
| 
| int
| main ()
| {
| return port_create ();
|   ;
|   return 0;
| }
configure:21492: result: no
configure:21525: checking for pid_t
configure:21555: gcc -c -g -O2 -Wall  conftest.c >&5
configure:21561: $? = 0
configure:21576: result: yes
configure:21588: checking for size_t
configure:21618: gcc -c -g -O2 -Wall  conftest.c >&5
configure:21624: $? = 0
configure:21639: result: yes
configure:21651: checking for uint64_t
configure:21681: gcc -c -g -O2 -Wall  conftest.c >&5
configure:21687: $? = 0
configure:21702: result: yes
configure:21714: checking for uint32_t
configure:21744: gcc -c -g -O2 -Wall  conftest.c >&5
configure:21750: $? = 0
configure:21765: result: yes
configure:21777: checking for uint16_t
configure:21807: gcc -c -g -O2 -Wall  conftest.c >&5
configure:21813: $? = 0
configure:21828: result: yes
configure:21840: checking for uint8_t
configure:21870: gcc -c -g -O2 -Wall  conftest.c >&5
configure:21876: $? = 0
configure:21891: result: yes
configure:21903: checking for struct in6_addr
configure:21943: gcc -c -g -O2 -Wall  conftest.c >&5
configure:21949: $? = 0
configure:21964: result: yes
configure:21976: checking for socklen_t
configure:22001: gcc -c -g -O2 -Wall  conftest.c >&5
conftest.c: In function 'main':
conftest.c:64: warning: unused variable 'x'
configure:22007: $? = 0
configure:22012: result: yes
configure:22030: checking whether our compiler supports __func__
configure:22053: gcc -c -g -O2 -Wall  conftest.c >&5
conftest.c: In function 'main':
conftest.c:62: warning: unused variable 'cp'
configure:22059: $? = 0
configure:22064: result: yes
configure:22269: creating ./config.status

## ---------------------- ##
## Running config.status. ##
## ---------------------- ##

This file was extended by config.status, which was
generated by GNU Autoconf 2.61.  Invocation command line was

  CONFIG_FILES    = 
  CONFIG_HEADERS  = 
  CONFIG_LINKS    = 
  CONFIG_COMMANDS = 
  $ ./config.status 

on nexopiaserver

config.status:669: creating Makefile
config.status:669: creating test/Makefile
config.status:669: creating sample/Makefile
config.status:669: creating config.h
config.status:941: config.h is unchanged
config.status:987: executing depfiles commands

## ---------------- ##
## Cache variables. ##
## ---------------- ##

ac_cv_build=i686-pc-linux-gnu
ac_cv_c_compiler_gnu=yes
ac_cv_c_const=yes
ac_cv_c_inline=inline
ac_cv_cxx_compiler_gnu=yes
ac_cv_env_CCC_set=
ac_cv_env_CCC_value=
ac_cv_env_CC_set=
ac_cv_env_CC_value=
ac_cv_env_CFLAGS_set=
ac_cv_env_CFLAGS_value=
ac_cv_env_CPPFLAGS_set=
ac_cv_env_CPPFLAGS_value=
ac_cv_env_CPP_set=
ac_cv_env_CPP_value=
ac_cv_env_CXXCPP_set=
ac_cv_env_CXXCPP_value=
ac_cv_env_CXXFLAGS_set=
ac_cv_env_CXXFLAGS_value=
ac_cv_env_CXX_set=
ac_cv_env_CXX_value=
ac_cv_env_F77_set=
ac_cv_env_F77_value=
ac_cv_env_FFLAGS_set=
ac_cv_env_FFLAGS_value=
ac_cv_env_LDFLAGS_set=
ac_cv_env_LDFLAGS_value=
ac_cv_env_LIBS_set=
ac_cv_env_LIBS_value=
ac_cv_env_build_alias_set=
ac_cv_env_build_alias_value=
ac_cv_env_host_alias_set=
ac_cv_env_host_alias_value=
ac_cv_env_target_alias_set=
ac_cv_env_target_alias_value=
ac_cv_f77_compiler_gnu=no
ac_cv_func_clock_gettime=yes
ac_cv_func_epoll_ctl=yes
ac_cv_func_fcntl=yes
ac_cv_func_getaddrinfo=yes
ac_cv_func_getnameinfo=yes
ac_cv_func_gettimeofday=yes
ac_cv_func_inet_ntop=yes
ac_cv_func_poll=yes
ac_cv_func_port_create=no
ac_cv_func_select=yes
ac_cv_func_strlcpy=no
ac_cv_func_strsep=yes
ac_cv_func_strtok_r=yes
ac_cv_func_vasprintf=yes
ac_cv_header_dlfcn_h=yes
ac_cv_header_fcntl_h=yes
ac_cv_header_inttypes_h=yes
ac_cv_header_memory_h=yes
ac_cv_header_netinet_in6_h=no
ac_cv_header_poll_h=yes
ac_cv_header_port_h=no
ac_cv_header_signal_h=yes
ac_cv_header_stdarg_h=yes
ac_cv_header_stdc=yes
ac_cv_header_stdint_h=yes
ac_cv_header_stdlib_h=yes
ac_cv_header_string_h=yes
ac_cv_header_strings_h=yes
ac_cv_header_sys_devpoll_h=no
ac_cv_header_sys_epoll_h=yes
ac_cv_header_sys_event_h=no
ac_cv_header_sys_ioctl_h=yes
ac_cv_header_sys_queue_h=yes
ac_cv_header_sys_select_h=yes
ac_cv_header_sys_stat_h=yes
ac_cv_header_sys_time_h=yes
ac_cv_header_sys_types_h=yes
ac_cv_header_time=yes
ac_cv_header_unistd_h=yes
ac_cv_host=i686-pc-linux-gnu
ac_cv_lib_nsl_inet_ntoa=yes
ac_cv_lib_resolv_inet_aton=yes
ac_cv_lib_rt_clock_gettime=yes
ac_cv_lib_socket_socket=no
ac_cv_objext=o
ac_cv_path_EGREP='/bin/grep -E'
ac_cv_path_GREP=/bin/grep
ac_cv_path_install='/usr/bin/install -c'
ac_cv_path_mkdir=/bin/mkdir
ac_cv_prog_AWK=mawk
ac_cv_prog_CPP='gcc -E'
ac_cv_prog_CXXCPP='g++ -E'
ac_cv_prog_ac_ct_AR=ar
ac_cv_prog_ac_ct_CC=gcc
ac_cv_prog_ac_ct_CXX=g++
ac_cv_prog_ac_ct_RANLIB=ranlib
ac_cv_prog_ac_ct_STRIP=strip
ac_cv_prog_cc_c89=
ac_cv_prog_cc_g=yes
ac_cv_prog_cxx_g=yes
ac_cv_prog_f77_g=no
ac_cv_prog_gcc_traditional=no
ac_cv_prog_make_make_set=yes
ac_cv_type_pid_t=yes
ac_cv_type_size_t=yes
ac_cv_type_struct_in6_addr=yes
ac_cv_type_uint16_t=yes
ac_cv_type_uint32_t=yes
ac_cv_type_uint64_t=yes
ac_cv_type_uint8_t=yes
am_cv_CC_dependencies_compiler_type=none
am_cv_CXX_dependencies_compiler_type=none
lt_cv_deplibs_check_method=pass_all
lt_cv_file_magic_cmd='$MAGIC_CMD'
lt_cv_file_magic_test_file=
lt_cv_ld_reload_flag=-r
lt_cv_objdir=.libs
lt_cv_path_LD=/usr/bin/ld
lt_cv_path_LDCXX=/usr/bin/ld
lt_cv_path_NM='/usr/bin/nm -B'
lt_cv_path_SED=/bin/sed
lt_cv_prog_compiler_c_o=yes
lt_cv_prog_compiler_c_o_CXX=yes
lt_cv_prog_compiler_rtti_exceptions=no
lt_cv_prog_gnu_ld=yes
lt_cv_prog_gnu_ldcxx=yes
lt_cv_sys_global_symbol_pipe='sed -n -e '\''s/^.*[ 	]\([ABCDGIRSTW][ABCDGIRSTW]*\)[ 	][ 	]*\([_A-Za-z][_A-Za-z0-9]*\)$/\1 \2 \2/p'\'''
lt_cv_sys_global_symbol_to_c_name_address='sed -n -e '\''s/^: \([^ ]*\) $/  {\"\1\", (lt_ptr) 0},/p'\'' -e '\''s/^[BCDEGRST] \([^ ]*\) \([^ ]*\)$/  {"\2", (lt_ptr) \&\2},/p'\'''
lt_cv_sys_global_symbol_to_cdecl='sed -n -e '\''s/^. .* \(.*\)$/extern int \1;/p'\'''
lt_cv_sys_max_cmd_len=32768
lt_lt_cv_prog_compiler_c_o='"yes"'
lt_lt_cv_prog_compiler_c_o_CXX='"yes"'
lt_lt_cv_sys_global_symbol_pipe='"sed -n -e '\''s/^.*[ 	]\\([ABCDGIRSTW][ABCDGIRSTW]*\\)[ 	][ 	]*\\([_A-Za-z][_A-Za-z0-9]*\\)\$/\\1 \\2 \\2/p'\''"'
lt_lt_cv_sys_global_symbol_to_c_name_address='"sed -n -e '\''s/^: \\([^ ]*\\) \$/  {\\\"\\1\\\", (lt_ptr) 0},/p'\'' -e '\''s/^[BCDEGRST] \\([^ ]*\\) \\([^ ]*\\)\$/  {\"\\2\", (lt_ptr) \\&\\2},/p'\''"'
lt_lt_cv_sys_global_symbol_to_cdecl='"sed -n -e '\''s/^. .* \\(.*\\)\$/extern int \\1;/p'\''"'

## ----------------- ##
## Output variables. ##
## ----------------- ##

ACLOCAL='${SHELL} /home/timo/nexopia/trunk/usersearch/libevent/missing --run aclocal-1.10'
AMDEPBACKSLASH='\'
AMDEP_FALSE='#'
AMDEP_TRUE=''
AMTAR='${SHELL} /home/timo/nexopia/trunk/usersearch/libevent/missing --run tar'
AR='ar'
AUTOCONF='${SHELL} /home/timo/nexopia/trunk/usersearch/libevent/missing --run autoconf'
AUTOHEADER='${SHELL} /home/timo/nexopia/trunk/usersearch/libevent/missing --run autoheader'
AUTOMAKE='${SHELL} /home/timo/nexopia/trunk/usersearch/libevent/missing --run automake-1.10'
AWK='mawk'
BUILD_WIN32_FALSE=''
BUILD_WIN32_TRUE='#'
CC='gcc'
CCDEPMODE='depmode=none'
CFLAGS='-g -O2 -Wall'
CPP='gcc -E'
CPPFLAGS=''
CXX='g++'
CXXCPP='g++ -E'
CXXDEPMODE='depmode=none'
CXXFLAGS='-g -O2'
CYGPATH_W='echo'
DEFS='-DHAVE_CONFIG_H'
DEPDIR='.deps'
ECHO='echo'
ECHO_C=''
ECHO_N='-n'
ECHO_T=''
EGREP='/bin/grep -E'
EXEEXT=''
F77=''
FFLAGS=''
GREP='/bin/grep'
INSTALL_DATA='${INSTALL} -m 644'
INSTALL_PROGRAM='${INSTALL}'
INSTALL_SCRIPT='${INSTALL}'
INSTALL_STRIP_PROGRAM='$(install_sh) -c -s'
LDFLAGS=''
LIBOBJS=' ${LIBOBJDIR}select$U.o ${LIBOBJDIR}poll$U.o ${LIBOBJDIR}epoll$U.o ${LIBOBJDIR}signal$U.o'
LIBS='-lnsl -lrt -lresolv '
LIBTOOL='$(SHELL) $(top_builddir)/libtool'
LIBTOOL_DEPS='./ltmain.sh'
LN_S='ln -s'
LTLIBOBJS=' ${LIBOBJDIR}select$U.lo ${LIBOBJDIR}poll$U.lo ${LIBOBJDIR}epoll$U.lo ${LIBOBJDIR}signal$U.lo'
MAINT='#'
MAINTAINER_MODE_FALSE=''
MAINTAINER_MODE_TRUE='#'
MAKEINFO='${SHELL} /home/timo/nexopia/trunk/usersearch/libevent/missing --run makeinfo'
OBJEXT='o'
PACKAGE='libevent'
PACKAGE_BUGREPORT=''
PACKAGE_NAME=''
PACKAGE_STRING=''
PACKAGE_TARNAME=''
PACKAGE_VERSION=''
PATH_SEPARATOR=':'
RANLIB='ranlib'
SET_MAKE=''
SHELL='/bin/sh'
STRIP='strip'
VERSION='1.3e'
ac_ct_CC='gcc'
ac_ct_CXX='g++'
ac_ct_F77=''
am__fastdepCC_FALSE=''
am__fastdepCC_TRUE='#'
am__fastdepCXX_FALSE=''
am__fastdepCXX_TRUE='#'
am__include='include'
am__isrc=''
am__leading_dot='.'
am__quote=''
am__tar='${AMTAR} chof - "$$tardir"'
am__untar='${AMTAR} xf -'
bindir='${exec_prefix}/bin'
build='i686-pc-linux-gnu'
build_alias=''
build_cpu='i686'
build_os='linux-gnu'
build_vendor='pc'
datadir='${datarootdir}'
datarootdir='${prefix}/share'
docdir='${datarootdir}/doc/${PACKAGE}'
dvidir='${docdir}'
exec_prefix='${prefix}'
host='i686-pc-linux-gnu'
host_alias=''
host_cpu='i686'
host_os='linux-gnu'
host_vendor='pc'
htmldir='${docdir}'
includedir='${prefix}/include'
infodir='${datarootdir}/info'
install_sh='$(SHELL) /home/timo/nexopia/trunk/usersearch/libevent/install-sh'
libdir='${exec_prefix}/lib'
libexecdir='${exec_prefix}/libexec'
localedir='${datarootdir}/locale'
localstatedir='${prefix}/var'
mandir='${datarootdir}/man'
mkdir_p='/bin/mkdir -p'
oldincludedir='/usr/include'
pdfdir='${docdir}'
prefix='/usr/local'
program_transform_name='s,x,x,'
psdir='${docdir}'
sbindir='${exec_prefix}/sbin'
sharedstatedir='${prefix}/com'
sysconfdir='${prefix}/etc'
target_alias=''

## ----------- ##
## confdefs.h. ##
## ----------- ##

#define PACKAGE_NAME ""
#define PACKAGE_TARNAME ""
#define PACKAGE_VERSION ""
#define PACKAGE_STRING ""
#define PACKAGE_BUGREPORT ""
#define PACKAGE "libevent"
#define VERSION "1.3e"
#define STDC_HEADERS 1
#define HAVE_SYS_TYPES_H 1
#define HAVE_SYS_STAT_H 1
#define HAVE_STDLIB_H 1
#define HAVE_STRING_H 1
#define HAVE_MEMORY_H 1
#define HAVE_STRINGS_H 1
#define HAVE_INTTYPES_H 1
#define HAVE_STDINT_H 1
#define HAVE_UNISTD_H 1
#define HAVE_DLFCN_H 1
#define HAVE_LIBRESOLV 1
#define HAVE_LIBRT 1
#define HAVE_LIBNSL 1
#define STDC_HEADERS 1
#define HAVE_FCNTL_H 1
#define HAVE_STDARG_H 1
#define HAVE_INTTYPES_H 1
#define HAVE_STDINT_H 1
#define HAVE_POLL_H 1
#define HAVE_SIGNAL_H 1
#define HAVE_UNISTD_H 1
#define HAVE_SYS_EPOLL_H 1
#define HAVE_SYS_TIME_H 1
#define HAVE_SYS_QUEUE_H 1
#define HAVE_SYS_IOCTL_H 1
#define HAVE_SYS_SELECT_H 1
#define HAVE_TIMERADD 1
#define HAVE_TIMERCMP 1
#define HAVE_TIMERCLEAR 1
#define HAVE_TIMERISSET 1
#define TIME_WITH_SYS_TIME 1
#define HAVE_GETTIMEOFDAY 1
#define HAVE_VASPRINTF 1
#define HAVE_FCNTL 1
#define HAVE_CLOCK_GETTIME 1
#define HAVE_STRTOK_R 1
#define HAVE_STRSEP 1
#define HAVE_GETADDRINFO 1
#define HAVE_GETNAMEINFO 1
#define HAVE_INET_NTOP 1
#define DNS_USE_CPU_CLOCK_FOR_ID 1
#define HAVE_SETFD 1
#define HAVE_SELECT 1
#define HAVE_POLL 1
#define HAVE_EPOLL_CTL 1
#define HAVE_EPOLL 1
#define HAVE_STRUCT_IN6_ADDR 1

configure: exit 0

## ---------------------- ##
## Running config.status. ##
## ---------------------- ##

This file was extended by config.status, which was
generated by GNU Autoconf 2.61.  Invocation command line was

  CONFIG_FILES    = 
  CONFIG_HEADERS  = 
  CONFIG_LINKS    = 
  CONFIG_COMMANDS = 
  $ ./config.status Makefile

on timo-ubuntu

config.status:669: creating Makefile
